2021/12/18 16:19:44 [notice] 1#1: using the "epoll" event method
2021/12/18 16:19:44 [notice] 1#1: nginx/1.21.0
2021/12/18 16:19:44 [notice] 1#1: built by gcc 10.2.1 20201203 (Alpine 10.2.1_pre1) 
2021/12/18 16:19:44 [notice] 1#1: OS: Linux 5.10.60.1-microsoft-standard-WSL2
2021/12/18 16:19:44 [notice] 1#1: getrlimit(RLIMIT_NOFILE): 1048576:1048576
2021/12/18 16:19:44 [notice] 1#1: start worker processes
2021/12/18 16:19:44 [notice] 1#1: start worker process 31
2021/12/18 16:19:44 [notice] 1#1: start worker process 32
2021/12/18 16:19:44 [notice] 1#1: start worker process 33
2021/12/18 16:19:44 [notice] 1#1: start worker process 34
2021/12/18 16:19:44 [notice] 1#1: start worker process 35
2021/12/18 16:19:44 [notice] 1#1: start worker process 36
2021/12/18 16:19:44 [notice] 1#1: start worker process 37
2021/12/18 16:19:44 [notice] 1#1: start worker process 38
2021/12/18 16:19:44 [notice] 1#1: start worker process 39
2021/12/18 16:19:44 [notice] 1#1: start worker process 40
2021/12/18 16:19:44 [notice] 1#1: start worker process 41
2021/12/18 16:19:44 [notice] 1#1: start worker process 42
2021/12/18 16:19:44 [notice] 1#1: start worker process 43
2021/12/18 16:19:44 [notice] 1#1: start worker process 44
2021/12/18 16:19:44 [notice] 1#1: start worker process 45
2021/12/18 16:19:44 [notice] 1#1: start worker process 46
2021/12/18 16:27:48 [notice] 1#1: signal 3 (SIGQUIT) received, shutting down
2021/12/18 16:27:48 [notice] 31#31: gracefully shutting down
2021/12/18 16:27:48 [notice] 32#32: gracefully shutting down
2021/12/18 16:27:48 [notice] 33#33: gracefully shutting down
2021/12/18 16:27:48 [notice] 34#34: gracefully shutting down
2021/12/18 16:27:48 [notice] 31#31: exiting
2021/12/18 16:27:48 [notice] 32#32: exiting
2021/12/18 16:27:48 [notice] 33#33: exiting
2021/12/18 16:27:48 [notice] 34#34: exiting
2021/12/18 16:27:48 [notice] 35#35: gracefully shutting down
2021/12/18 16:27:48 [notice] 36#36: gracefully shutting down
2021/12/18 16:27:48 [notice] 35#35: exiting
2021/12/18 16:27:48 [notice] 37#37: gracefully shutting down
2021/12/18 16:27:48 [notice] 36#36: exiting
2021/12/18 16:27:48 [notice] 38#38: gracefully shutting down
2021/12/18 16:27:48 [notice] 37#37: exiting
2021/12/18 16:27:48 [notice] 39#39: gracefully shutting down
2021/12/18 16:27:48 [notice] 38#38: exiting
2021/12/18 16:27:48 [notice] 40#40: gracefully shutting down
2021/12/18 16:27:48 [notice] 34#34: exit
2021/12/18 16:27:48 [notice] 32#32: exit
2021/12/18 16:27:48 [notice] 33#33: exit
2021/12/18 16:27:48 [notice] 41#41: gracefully shutting down
2021/12/18 16:27:48 [notice] 39#39: exiting
2021/12/18 16:27:48 [notice] 40#40: exiting
2021/12/18 16:27:48 [notice] 31#31: exit
2021/12/18 16:27:48 [notice] 35#35: exit
2021/12/18 16:27:48 [notice] 36#36: exit
2021/12/18 16:27:48 [notice] 41#41: exiting
2021/12/18 16:27:48 [notice] 44#44: gracefully shutting down
2021/12/18 16:27:48 [notice] 45#45: gracefully shutting down
2021/12/18 16:27:48 [notice] 37#37: exit
2021/12/18 16:27:48 [notice] 42#42: gracefully shutting down
2021/12/18 16:27:48 [notice] 44#44: exiting
2021/12/18 16:27:48 [notice] 38#38: exit
2021/12/18 16:27:48 [notice] 45#45: exiting
2021/12/18 16:27:48 [notice] 42#42: exiting
2021/12/18 16:27:48 [notice] 39#39: exit
2021/12/18 16:27:48 [notice] 40#40: exit
2021/12/18 16:27:48 [notice] 41#41: exit
2021/12/18 16:27:48 [notice] 44#44: exit
2021/12/18 16:27:48 [notice] 45#45: exit
2021/12/18 16:27:48 [notice] 42#42: exit
2021/12/18 16:27:48 [notice] 43#43: gracefully shutting down
2021/12/18 16:27:48 [notice] 46#46: gracefully shutting down
2021/12/18 16:27:48 [notice] 43#43: exiting
2021/12/18 16:27:48 [notice] 46#46: exiting
2021/12/18 16:27:48 [notice] 46#46: exit
2021/12/18 16:27:48 [notice] 43#43: exit
2021/12/18 16:27:48 [notice] 1#1: signal 17 (SIGCHLD) received from 35
2021/12/18 16:27:48 [notice] 1#1: worker process 35 exited with code 0
2021/12/18 16:27:48 [notice] 1#1: signal 29 (SIGIO) received
2021/12/18 16:27:48 [notice] 1#1: signal 17 (SIGCHLD) received from 37
2021/12/18 16:27:48 [notice] 1#1: worker process 36 exited with code 0
2021/12/18 16:27:48 [notice] 1#1: worker process 37 exited with code 0
2021/12/18 16:27:48 [notice] 1#1: worker process 33 exited with code 0
2021/12/18 16:27:48 [notice] 1#1: worker process 40 exited with code 0
2021/12/18 16:27:48 [notice] 1#1: worker process 44 exited with code 0
2021/12/18 16:27:48 [notice] 1#1: worker process 46 exited with code 0
2021/12/18 16:27:48 [notice] 1#1: signal 29 (SIGIO) received
2021/12/18 16:27:48 [notice] 1#1: signal 17 (SIGCHLD) received from 36
2021/12/18 16:27:48 [notice] 1#1: worker process 34 exited with code 0
2021/12/18 16:27:48 [notice] 1#1: signal 29 (SIGIO) received
2021/12/18 16:27:48 [notice] 1#1: signal 17 (SIGCHLD) received from 42
2021/12/18 16:27:48 [notice] 1#1: worker process 42 exited with code 0
2021/12/18 16:27:48 [notice] 1#1: signal 29 (SIGIO) received
2021/12/18 16:27:48 [notice] 1#1: signal 17 (SIGCHLD) received from 32
2021/12/18 16:27:48 [notice] 1#1: worker process 31 exited with code 0
2021/12/18 16:27:48 [notice] 1#1: worker process 32 exited with code 0
2021/12/18 16:27:48 [notice] 1#1: worker process 38 exited with code 0
2021/12/18 16:27:48 [notice] 1#1: worker process 39 exited with code 0
2021/12/18 16:27:48 [notice] 1#1: signal 29 (SIGIO) received
2021/12/18 16:27:48 [notice] 1#1: signal 17 (SIGCHLD) received from 31
2021/12/18 16:27:48 [notice] 1#1: signal 17 (SIGCHLD) received from 41
2021/12/18 16:27:48 [notice] 1#1: worker process 41 exited with code 0
2021/12/18 16:27:48 [notice] 1#1: signal 29 (SIGIO) received
2021/12/18 16:27:48 [notice] 1#1: signal 17 (SIGCHLD) received from 45
2021/12/18 16:27:48 [notice] 1#1: worker process 43 exited with code 0
2021/12/18 16:27:48 [notice] 1#1: worker process 45 exited with code 0
2021/12/18 16:27:48 [notice] 1#1: exit
2021/12/18 23:08:16 [notice] 1#1: using the "epoll" event method
2021/12/18 23:08:16 [notice] 1#1: nginx/1.21.0
2021/12/18 23:08:16 [notice] 1#1: built by gcc 10.2.1 20201203 (Alpine 10.2.1_pre1) 
2021/12/18 23:08:16 [notice] 1#1: OS: Linux 5.10.16.3-microsoft-standard-WSL2
2021/12/18 23:08:16 [notice] 1#1: getrlimit(RLIMIT_NOFILE): 1048576:1048576
2021/12/18 23:08:16 [notice] 1#1: start worker processes
2021/12/18 23:08:16 [notice] 1#1: start worker process 32
2021/12/18 23:08:16 [notice] 1#1: start worker process 33
2021/12/18 23:08:16 [notice] 1#1: start worker process 34
2021/12/18 23:08:16 [notice] 1#1: start worker process 35
2021/12/18 23:39:49 [notice] 1#1: signal 15 (SIGTERM) received, exiting
2021/12/18 23:39:49 [notice] 32#32: signal 15 (SIGTERM) received, exiting
2021/12/18 23:39:49 [notice] 33#33: signal 15 (SIGTERM) received, exiting
2021/12/18 23:39:49 [notice] 33#33: exiting
2021/12/18 23:39:49 [notice] 33#33: exit
2021/12/18 23:39:49 [notice] 34#34: signal 15 (SIGTERM) received, exiting
2021/12/18 23:39:49 [notice] 34#34: exiting
2021/12/18 23:39:49 [notice] 35#35: signal 15 (SIGTERM) received, exiting
2021/12/18 23:39:49 [notice] 35#35: exiting
2021/12/18 23:39:49 [notice] 35#35: exit
2021/12/18 23:39:49 [notice] 32#32: exiting
2021/12/18 23:39:49 [notice] 32#32: exit
2021/12/18 23:39:49 [notice] 34#34: exit
2021/12/18 23:39:49 [notice] 1#1: signal 14 (SIGALRM) received
2021/12/18 23:39:49 [notice] 1#1: signal 17 (SIGCHLD) received from 33
2021/12/18 23:39:49 [notice] 1#1: worker process 33 exited with code 0
2021/12/18 23:39:49 [notice] 1#1: signal 29 (SIGIO) received
2021/12/18 23:39:49 [notice] 1#1: signal 17 (SIGCHLD) received from 35
2021/12/18 23:39:49 [notice] 1#1: worker process 35 exited with code 0
2021/12/18 23:39:49 [notice] 1#1: signal 29 (SIGIO) received
2021/12/18 23:39:49 [notice] 1#1: signal 17 (SIGCHLD) received from 32
2021/12/18 23:39:49 [notice] 1#1: worker process 32 exited with code 0
2021/12/18 23:39:49 [notice] 1#1: signal 29 (SIGIO) received
2021/12/18 23:39:49 [notice] 1#1: signal 17 (SIGCHLD) received from 34
2021/12/18 23:39:49 [notice] 1#1: worker process 34 exited with code 0
2021/12/18 23:39:49 [notice] 1#1: exit
2021/12/19 18:22:28 [notice] 1#1: using the "epoll" event method
2021/12/19 18:22:28 [notice] 1#1: nginx/1.21.0
2021/12/19 18:22:28 [notice] 1#1: built by gcc 10.2.1 20201203 (Alpine 10.2.1_pre1) 
2021/12/19 18:22:28 [notice] 1#1: OS: Linux 5.10.16.3-microsoft-standard-WSL2
2021/12/19 18:22:28 [notice] 1#1: getrlimit(RLIMIT_NOFILE): 1048576:1048576
2021/12/19 18:22:28 [notice] 1#1: start worker processes
2021/12/19 18:22:28 [notice] 1#1: start worker process 32
2021/12/19 18:22:28 [notice] 1#1: start worker process 33
2021/12/19 18:22:28 [notice] 1#1: start worker process 34
2021/12/19 18:22:28 [notice] 1#1: start worker process 35
2021/12/19 18:37:56 [notice] 1#1: signal 3 (SIGQUIT) received, shutting down
2021/12/19 18:37:56 [notice] 32#32: gracefully shutting down
2021/12/19 18:37:56 [notice] 33#33: gracefully shutting down
2021/12/19 18:37:56 [notice] 34#34: gracefully shutting down
2021/12/19 18:37:56 [notice] 32#32: exiting
2021/12/19 18:37:56 [notice] 33#33: exiting
2021/12/19 18:37:56 [notice] 34#34: exiting
2021/12/19 18:37:56 [notice] 34#34: exit
2021/12/19 18:37:56 [notice] 32#32: exit
2021/12/19 18:37:56 [notice] 33#33: exit
2021/12/19 18:37:56 [notice] 35#35: gracefully shutting down
2021/12/19 18:37:56 [notice] 35#35: exiting
2021/12/19 18:37:56 [notice] 35#35: exit
2021/12/19 18:37:56 [notice] 1#1: signal 17 (SIGCHLD) received from 34
2021/12/19 18:37:56 [notice] 1#1: worker process 34 exited with code 0
2021/12/19 18:37:56 [notice] 1#1: signal 29 (SIGIO) received
2021/12/19 18:37:56 [notice] 1#1: signal 17 (SIGCHLD) received from 32
2021/12/19 18:37:56 [notice] 1#1: worker process 32 exited with code 0
2021/12/19 18:37:56 [notice] 1#1: worker process 33 exited with code 0
2021/12/19 18:37:56 [notice] 1#1: worker process 35 exited with code 0
2021/12/19 18:37:56 [notice] 1#1: exit
2021/12/19 18:38:39 [notice] 1#1: using the "epoll" event method
2021/12/19 18:38:39 [notice] 1#1: nginx/1.21.0
2021/12/19 18:38:39 [notice] 1#1: built by gcc 10.2.1 20201203 (Alpine 10.2.1_pre1) 
2021/12/19 18:38:39 [notice] 1#1: OS: Linux 5.10.16.3-microsoft-standard-WSL2
2021/12/19 18:38:39 [notice] 1#1: getrlimit(RLIMIT_NOFILE): 1048576:1048576
2021/12/19 18:38:39 [notice] 1#1: start worker processes
2021/12/19 18:38:39 [notice] 1#1: start worker process 32
2021/12/19 18:38:39 [notice] 1#1: start worker process 33
2021/12/19 18:38:39 [notice] 1#1: start worker process 34
2021/12/19 18:38:39 [notice] 1#1: start worker process 35
2021/12/19 18:38:48 [notice] 1#1: signal 15 (SIGTERM) received, exiting
2021/12/19 18:38:48 [notice] 34#34: signal 15 (SIGTERM) received, exiting
2021/12/19 18:38:48 [notice] 34#34: exiting
2021/12/19 18:38:48 [notice] 33#33: signal 15 (SIGTERM) received, exiting
2021/12/19 18:38:48 [notice] 32#32: signal 15 (SIGTERM) received, exiting
2021/12/19 18:38:48 [notice] 32#32: exiting
2021/12/19 18:38:48 [notice] 32#32: exit
2021/12/19 18:38:48 [notice] 35#35: signal 15 (SIGTERM) received, exiting
2021/12/19 18:38:48 [notice] 35#35: exiting
2021/12/19 18:38:48 [notice] 33#33: exiting
2021/12/19 18:38:48 [notice] 33#33: exit
2021/12/19 18:38:48 [notice] 34#34: exit
2021/12/19 18:38:48 [notice] 35#35: exit
2021/12/19 18:38:48 [notice] 1#1: signal 14 (SIGALRM) received
2021/12/19 18:38:48 [notice] 1#1: signal 17 (SIGCHLD) received from 33
2021/12/19 18:38:48 [notice] 1#1: worker process 33 exited with code 0
2021/12/19 18:38:48 [notice] 1#1: signal 29 (SIGIO) received
2021/12/19 18:38:48 [notice] 1#1: signal 17 (SIGCHLD) received from 32
2021/12/19 18:38:48 [notice] 1#1: worker process 32 exited with code 0
2021/12/19 18:38:48 [notice] 1#1: worker process 35 exited with code 0
2021/12/19 18:38:48 [notice] 1#1: signal 17 (SIGCHLD) received from 35
2021/12/19 18:38:48 [notice] 1#1: worker process 34 exited with code 0
2021/12/19 18:38:48 [notice] 1#1: exit
2021/12/19 19:48:34 [notice] 1#1: using the "epoll" event method
2021/12/19 19:48:34 [notice] 1#1: nginx/1.21.0
2021/12/19 19:48:34 [notice] 1#1: built by gcc 10.2.1 20201203 (Alpine 10.2.1_pre1) 
2021/12/19 19:48:34 [notice] 1#1: OS: Linux 5.10.16.3-microsoft-standard-WSL2
2021/12/19 19:48:34 [notice] 1#1: getrlimit(RLIMIT_NOFILE): 1048576:1048576
2021/12/19 19:48:34 [notice] 1#1: start worker processes
2021/12/19 19:48:34 [notice] 1#1: start worker process 31
2021/12/19 19:48:34 [notice] 1#1: start worker process 32
2021/12/19 19:48:34 [notice] 1#1: start worker process 33
2021/12/19 19:48:34 [notice] 1#1: start worker process 34
2021/12/19 20:06:44 [notice] 1#1: signal 3 (SIGQUIT) received, shutting down
2021/12/19 20:06:44 [notice] 31#31: gracefully shutting down
2021/12/19 20:06:44 [notice] 32#32: gracefully shutting down
2021/12/19 20:06:44 [notice] 31#31: exiting
2021/12/19 20:06:44 [notice] 34#34: gracefully shutting down
2021/12/19 20:06:44 [notice] 32#32: exiting
2021/12/19 20:06:44 [notice] 34#34: exiting
2021/12/19 20:06:44 [notice] 31#31: exit
2021/12/19 20:06:44 [notice] 32#32: exit
2021/12/19 20:06:44 [notice] 34#34: exit
2021/12/19 20:06:44 [notice] 33#33: gracefully shutting down
2021/12/19 20:06:44 [notice] 33#33: exiting
2021/12/19 20:06:44 [notice] 33#33: exit
2021/12/19 20:06:44 [notice] 1#1: signal 17 (SIGCHLD) received from 31
2021/12/19 20:06:44 [notice] 1#1: worker process 31 exited with code 0
2021/12/19 20:06:44 [notice] 1#1: signal 29 (SIGIO) received
2021/12/19 20:06:44 [notice] 1#1: signal 17 (SIGCHLD) received from 34
2021/12/19 20:06:44 [notice] 1#1: worker process 34 exited with code 0
2021/12/19 20:06:44 [notice] 1#1: signal 29 (SIGIO) received
2021/12/19 20:06:44 [notice] 1#1: signal 17 (SIGCHLD) received from 33
2021/12/19 20:06:44 [notice] 1#1: worker process 33 exited with code 0
2021/12/19 20:06:44 [notice] 1#1: signal 29 (SIGIO) received
2021/12/19 20:06:44 [notice] 1#1: signal 17 (SIGCHLD) received from 32
2021/12/19 20:06:44 [notice] 1#1: worker process 32 exited with code 0
2021/12/19 20:06:44 [notice] 1#1: exit
2021/12/20 17:00:16 [notice] 1#1: using the "epoll" event method
2021/12/20 17:00:16 [notice] 1#1: nginx/1.21.0
2021/12/20 17:00:16 [notice] 1#1: built by gcc 10.2.1 20201203 (Alpine 10.2.1_pre1) 
2021/12/20 17:00:16 [notice] 1#1: OS: Linux 5.10.16.3-microsoft-standard-WSL2
2021/12/20 17:00:16 [notice] 1#1: getrlimit(RLIMIT_NOFILE): 1048576:1048576
2021/12/20 17:00:16 [notice] 1#1: start worker processes
2021/12/20 17:00:16 [notice] 1#1: start worker process 32
2021/12/20 17:00:16 [notice] 1#1: start worker process 33
2021/12/20 17:00:16 [notice] 1#1: start worker process 34
2021/12/20 17:00:16 [notice] 1#1: start worker process 35
2021/12/20 18:49:29 [notice] 1#1: signal 3 (SIGQUIT) received, shutting down
2021/12/20 18:49:29 [notice] 32#32: gracefully shutting down
2021/12/20 18:49:29 [notice] 33#33: gracefully shutting down
2021/12/20 18:49:29 [notice] 32#32: exiting
2021/12/20 18:49:29 [notice] 35#35: gracefully shutting down
2021/12/20 18:49:29 [notice] 33#33: exiting
2021/12/20 18:49:29 [notice] 35#35: exiting
2021/12/20 18:49:29 [notice] 32#32: exit
2021/12/20 18:49:29 [notice] 33#33: exit
2021/12/20 18:49:29 [notice] 35#35: exit
2021/12/20 18:49:29 [notice] 34#34: gracefully shutting down
2021/12/20 18:49:29 [notice] 34#34: exiting
2021/12/20 18:49:29 [notice] 34#34: exit
2021/12/20 18:49:29 [notice] 1#1: signal 17 (SIGCHLD) received from 32
2021/12/20 18:49:29 [notice] 1#1: worker process 32 exited with code 0
2021/12/20 18:49:29 [notice] 1#1: signal 29 (SIGIO) received
2021/12/20 18:49:29 [notice] 1#1: signal 17 (SIGCHLD) received from 34
2021/12/20 18:49:29 [notice] 1#1: worker process 34 exited with code 0
2021/12/20 18:49:29 [notice] 1#1: signal 29 (SIGIO) received
2021/12/20 18:49:29 [notice] 1#1: signal 17 (SIGCHLD) received from 33
2021/12/20 18:49:29 [notice] 1#1: worker process 33 exited with code 0
2021/12/20 18:49:29 [notice] 1#1: signal 29 (SIGIO) received
2021/12/20 18:49:29 [notice] 1#1: signal 17 (SIGCHLD) received from 35
2021/12/20 18:49:29 [notice] 1#1: worker process 35 exited with code 0
2021/12/20 18:49:29 [notice] 1#1: exit
2021/12/20 23:44:41 [notice] 1#1: using the "epoll" event method
2021/12/20 23:44:41 [notice] 1#1: nginx/1.21.0
2021/12/20 23:44:41 [notice] 1#1: built by gcc 10.2.1 20201203 (Alpine 10.2.1_pre1) 
2021/12/20 23:44:41 [notice] 1#1: OS: Linux 5.10.16.3-microsoft-standard-WSL2
2021/12/20 23:44:41 [notice] 1#1: getrlimit(RLIMIT_NOFILE): 1048576:1048576
2021/12/20 23:44:41 [notice] 1#1: start worker processes
2021/12/20 23:44:41 [notice] 1#1: start worker process 32
2021/12/20 23:44:41 [notice] 1#1: start worker process 33
2021/12/20 23:44:41 [notice] 1#1: start worker process 34
2021/12/20 23:44:41 [notice] 1#1: start worker process 35
2021/12/21 02:43:52 [notice] 1#1: signal 3 (SIGQUIT) received, shutting down
2021/12/21 02:43:52 [notice] 32#32: gracefully shutting down
2021/12/21 02:43:52 [notice] 33#33: gracefully shutting down
2021/12/21 02:43:52 [notice] 35#35: gracefully shutting down
2021/12/21 02:43:52 [notice] 32#32: exiting
2021/12/21 02:43:52 [notice] 34#34: gracefully shutting down
2021/12/21 02:43:52 [notice] 33#33: exiting
2021/12/21 02:43:52 [notice] 35#35: exiting
2021/12/21 02:43:52 [notice] 35#35: exit
2021/12/21 02:43:52 [notice] 32#32: exit
2021/12/21 02:43:52 [notice] 33#33: exit
2021/12/21 02:43:52 [notice] 34#34: exiting
2021/12/21 02:43:52 [notice] 34#34: exit
2021/12/21 02:43:52 [notice] 1#1: signal 17 (SIGCHLD) received from 35
2021/12/21 02:43:52 [notice] 1#1: worker process 32 exited with code 0
2021/12/21 02:43:52 [notice] 1#1: worker process 35 exited with code 0
2021/12/21 02:43:52 [notice] 1#1: signal 29 (SIGIO) received
2021/12/21 02:43:52 [notice] 1#1: signal 17 (SIGCHLD) received from 33
2021/12/21 02:43:52 [notice] 1#1: worker process 33 exited with code 0
2021/12/21 02:43:52 [notice] 1#1: worker process 34 exited with code 0
2021/12/21 02:43:52 [notice] 1#1: exit
2021/12/21 02:45:43 [notice] 1#1: using the "epoll" event method
2021/12/21 02:45:43 [notice] 1#1: nginx/1.21.0
2021/12/21 02:45:43 [notice] 1#1: built by gcc 10.2.1 20201203 (Alpine 10.2.1_pre1) 
2021/12/21 02:45:43 [notice] 1#1: OS: Linux 5.10.16.3-microsoft-standard-WSL2
2021/12/21 02:45:43 [notice] 1#1: getrlimit(RLIMIT_NOFILE): 1048576:1048576
2021/12/21 02:45:43 [notice] 1#1: start worker processes
2021/12/21 02:45:43 [notice] 1#1: start worker process 31
2021/12/21 02:45:43 [notice] 1#1: start worker process 32
2021/12/21 02:45:43 [notice] 1#1: start worker process 33
2021/12/21 02:45:43 [notice] 1#1: start worker process 34
2021/12/21 02:47:12 [notice] 1#1: signal 3 (SIGQUIT) received, shutting down
2021/12/21 02:47:12 [notice] 31#31: gracefully shutting down
2021/12/21 02:47:12 [notice] 31#31: exiting
2021/12/21 02:47:12 [notice] 31#31: exit
2021/12/21 02:47:12 [notice] 32#32: gracefully shutting down
2021/12/21 02:47:12 [notice] 32#32: exiting
2021/12/21 02:47:12 [notice] 32#32: exit
2021/12/21 02:47:12 [notice] 34#34: gracefully shutting down
2021/12/21 02:47:12 [notice] 34#34: exiting
2021/12/21 02:47:12 [notice] 34#34: exit
2021/12/21 02:47:12 [notice] 33#33: gracefully shutting down
2021/12/21 02:47:12 [notice] 33#33: exiting
2021/12/21 02:47:12 [notice] 33#33: exit
2021/12/21 02:47:12 [notice] 1#1: signal 17 (SIGCHLD) received from 33
2021/12/21 02:47:12 [notice] 1#1: worker process 33 exited with code 0
2021/12/21 02:47:12 [notice] 1#1: signal 29 (SIGIO) received
2021/12/21 02:47:12 [notice] 1#1: signal 17 (SIGCHLD) received from 32
2021/12/21 02:47:12 [notice] 1#1: worker process 32 exited with code 0
2021/12/21 02:47:12 [notice] 1#1: worker process 34 exited with code 0
2021/12/21 02:47:12 [notice] 1#1: signal 29 (SIGIO) received
2021/12/21 02:47:12 [notice] 1#1: signal 17 (SIGCHLD) received from 31
2021/12/21 02:47:12 [notice] 1#1: worker process 31 exited with code 0
2021/12/21 02:47:12 [notice] 1#1: exit
2021/12/22 16:57:45 [notice] 1#1: using the "epoll" event method
2021/12/22 16:57:45 [notice] 1#1: nginx/1.21.0
2021/12/22 16:57:45 [notice] 1#1: built by gcc 10.2.1 20201203 (Alpine 10.2.1_pre1) 
2021/12/22 16:57:45 [notice] 1#1: OS: Linux 5.10.16.3-microsoft-standard-WSL2
2021/12/22 16:57:45 [notice] 1#1: getrlimit(RLIMIT_NOFILE): 1048576:1048576
2021/12/22 16:57:45 [notice] 1#1: start worker processes
2021/12/22 16:57:45 [notice] 1#1: start worker process 32
2021/12/22 16:57:45 [notice] 1#1: start worker process 33
2021/12/22 16:57:45 [notice] 1#1: start worker process 34
2021/12/22 16:57:45 [notice] 1#1: start worker process 35
2021/12/22 20:50:08 [notice] 1#1: signal 3 (SIGQUIT) received, shutting down
2021/12/22 20:50:08 [notice] 33#33: gracefully shutting down
2021/12/22 20:50:08 [notice] 35#35: gracefully shutting down
2021/12/22 20:50:08 [notice] 34#34: gracefully shutting down
2021/12/22 20:50:08 [notice] 35#35: exiting
2021/12/22 20:50:08 [notice] 34#34: exiting
2021/12/22 20:50:08 [notice] 35#35: exit
2021/12/22 20:50:08 [notice] 34#34: exit
2021/12/22 20:50:08 [notice] 33#33: exiting
2021/12/22 20:50:08 [notice] 33#33: exit
2021/12/22 20:50:08 [notice] 32#32: gracefully shutting down
2021/12/22 20:50:08 [notice] 32#32: exiting
2021/12/22 20:50:08 [notice] 32#32: exit
2021/12/22 20:50:08 [notice] 1#1: signal 17 (SIGCHLD) received from 35
2021/12/22 20:50:08 [notice] 1#1: worker process 32 exited with code 0
2021/12/22 20:50:08 [notice] 1#1: worker process 34 exited with code 0
2021/12/22 20:50:08 [notice] 1#1: worker process 35 exited with code 0
2021/12/22 20:50:08 [notice] 1#1: signal 29 (SIGIO) received
2021/12/22 20:50:08 [notice] 1#1: signal 17 (SIGCHLD) received from 32
2021/12/22 20:50:08 [notice] 1#1: signal 17 (SIGCHLD) received from 33
2021/12/22 20:50:08 [notice] 1#1: worker process 33 exited with code 0
2021/12/22 20:50:08 [notice] 1#1: exit
2021/12/23 14:04:17 [notice] 1#1: using the "epoll" event method
2021/12/23 14:04:17 [notice] 1#1: nginx/1.21.0
2021/12/23 14:04:17 [notice] 1#1: built by gcc 10.2.1 20201203 (Alpine 10.2.1_pre1) 
2021/12/23 14:04:17 [notice] 1#1: OS: Linux 5.10.16.3-microsoft-standard-WSL2
2021/12/23 14:04:17 [notice] 1#1: getrlimit(RLIMIT_NOFILE): 1048576:1048576
2021/12/23 14:04:17 [notice] 1#1: start worker processes
2021/12/23 14:04:17 [notice] 1#1: start worker process 32
2021/12/23 14:04:17 [notice] 1#1: start worker process 33
2021/12/23 14:04:17 [notice] 1#1: start worker process 34
2021/12/23 14:04:17 [notice] 1#1: start worker process 35
2021/12/23 18:24:09 [notice] 1#1: signal 3 (SIGQUIT) received, shutting down
2021/12/23 18:24:09 [notice] 33#33: gracefully shutting down
2021/12/23 18:24:09 [notice] 33#33: exiting
2021/12/23 18:24:09 [notice] 33#33: exit
2021/12/23 18:24:09 [notice] 34#34: gracefully shutting down
2021/12/23 18:24:09 [notice] 34#34: exiting
2021/12/23 18:24:09 [notice] 34#34: exit
2021/12/23 18:24:09 [notice] 35#35: gracefully shutting down
2021/12/23 18:24:09 [notice] 35#35: exiting
2021/12/23 18:24:09 [notice] 35#35: exit
2021/12/23 18:24:09 [notice] 32#32: gracefully shutting down
2021/12/23 18:24:09 [notice] 32#32: exiting
2021/12/23 18:24:09 [notice] 32#32: exit
2021/12/23 18:24:09 [notice] 1#1: signal 17 (SIGCHLD) received from 35
2021/12/23 18:24:09 [notice] 1#1: worker process 35 exited with code 0
2021/12/23 18:24:09 [notice] 1#1: signal 29 (SIGIO) received
2021/12/23 18:24:09 [notice] 1#1: signal 17 (SIGCHLD) received from 32
2021/12/23 18:24:09 [notice] 1#1: worker process 32 exited with code 0
2021/12/23 18:24:09 [notice] 1#1: signal 29 (SIGIO) received
2021/12/23 18:24:09 [notice] 1#1: signal 17 (SIGCHLD) received from 33
2021/12/23 18:24:09 [notice] 1#1: worker process 33 exited with code 0
2021/12/23 18:24:09 [notice] 1#1: signal 29 (SIGIO) received
2021/12/23 18:24:09 [notice] 1#1: signal 17 (SIGCHLD) received from 34
2021/12/23 18:24:09 [notice] 1#1: worker process 34 exited with code 0
2021/12/23 18:24:09 [notice] 1#1: exit
2021/12/23 18:24:56 [notice] 1#1: using the "epoll" event method
2021/12/23 18:24:56 [notice] 1#1: nginx/1.21.0
2021/12/23 18:24:56 [notice] 1#1: built by gcc 10.2.1 20201203 (Alpine 10.2.1_pre1) 
2021/12/23 18:24:56 [notice] 1#1: OS: Linux 5.10.16.3-microsoft-standard-WSL2
2021/12/23 18:24:56 [notice] 1#1: getrlimit(RLIMIT_NOFILE): 1048576:1048576
2021/12/23 18:24:56 [notice] 1#1: start worker processes
2021/12/23 18:24:56 [notice] 1#1: start worker process 32
2021/12/23 18:24:56 [notice] 1#1: start worker process 33
2021/12/23 18:24:56 [notice] 1#1: start worker process 34
2021/12/23 18:24:56 [notice] 1#1: start worker process 35
2021/12/23 19:39:26 [notice] 1#1: signal 3 (SIGQUIT) received, shutting down
2021/12/23 19:39:26 [notice] 33#33: gracefully shutting down
2021/12/23 19:39:26 [notice] 33#33: exiting
2021/12/23 19:39:26 [notice] 32#32: gracefully shutting down
2021/12/23 19:39:26 [notice] 34#34: gracefully shutting down
2021/12/23 19:39:26 [notice] 34#34: exiting
2021/12/23 19:39:26 [notice] 32#32: exiting
2021/12/23 19:39:26 [notice] 33#33: exit
2021/12/23 19:39:26 [notice] 34#34: exit
2021/12/23 19:39:26 [notice] 32#32: exit
2021/12/23 19:39:26 [notice] 35#35: gracefully shutting down
2021/12/23 19:39:26 [notice] 35#35: exiting
2021/12/23 19:39:26 [notice] 35#35: exit
2021/12/23 19:39:26 [notice] 1#1: signal 17 (SIGCHLD) received from 32
2021/12/23 19:39:26 [notice] 1#1: worker process 32 exited with code 0
2021/12/23 19:39:26 [notice] 1#1: signal 29 (SIGIO) received
2021/12/23 19:39:26 [notice] 1#1: signal 17 (SIGCHLD) received from 35
2021/12/23 19:39:26 [notice] 1#1: worker process 35 exited with code 0
2021/12/23 19:39:26 [notice] 1#1: signal 29 (SIGIO) received
2021/12/23 19:39:26 [notice] 1#1: signal 17 (SIGCHLD) received from 34
2021/12/23 19:39:26 [notice] 1#1: worker process 34 exited with code 0
2021/12/23 19:39:26 [notice] 1#1: signal 29 (SIGIO) received
2021/12/23 19:39:26 [notice] 1#1: signal 17 (SIGCHLD) received from 33
2021/12/23 19:39:26 [notice] 1#1: worker process 33 exited with code 0
2021/12/23 19:39:26 [notice] 1#1: exit
2021/12/24 14:37:50 [notice] 1#1: using the "epoll" event method
2021/12/24 14:37:50 [notice] 1#1: nginx/1.21.0
2021/12/24 14:37:50 [notice] 1#1: built by gcc 10.2.1 20201203 (Alpine 10.2.1_pre1) 
2021/12/24 14:37:50 [notice] 1#1: OS: Linux 5.10.16.3-microsoft-standard-WSL2
2021/12/24 14:37:50 [notice] 1#1: getrlimit(RLIMIT_NOFILE): 1048576:1048576
2021/12/24 14:37:50 [notice] 1#1: start worker processes
2021/12/24 14:37:50 [notice] 1#1: start worker process 32
2021/12/24 14:37:50 [notice] 1#1: start worker process 33
2021/12/24 14:37:50 [notice] 1#1: start worker process 34
2021/12/24 14:37:50 [notice] 1#1: start worker process 35
2021/12/24 15:17:31 [notice] 1#1: signal 3 (SIGQUIT) received, shutting down
2021/12/24 15:17:31 [notice] 33#33: gracefully shutting down
2021/12/24 15:17:31 [notice] 35#35: gracefully shutting down
2021/12/24 15:17:31 [notice] 33#33: exiting
2021/12/24 15:17:31 [notice] 35#35: exiting
2021/12/24 15:17:31 [notice] 35#35: exit
2021/12/24 15:17:31 [notice] 33#33: exit
2021/12/24 15:17:31 [notice] 34#34: gracefully shutting down
2021/12/24 15:17:31 [notice] 34#34: exiting
2021/12/24 15:17:31 [notice] 34#34: exit
2021/12/24 15:17:31 [notice] 32#32: gracefully shutting down
2021/12/24 15:17:31 [notice] 32#32: exiting
2021/12/24 15:17:31 [notice] 32#32: exit
2021/12/24 15:17:31 [notice] 1#1: signal 17 (SIGCHLD) received from 33
2021/12/24 15:17:31 [notice] 1#1: worker process 33 exited with code 0
2021/12/24 15:17:31 [notice] 1#1: signal 29 (SIGIO) received
2021/12/24 15:17:31 [notice] 1#1: signal 17 (SIGCHLD) received from 35
2021/12/24 15:17:31 [notice] 1#1: worker process 32 exited with code 0
2021/12/24 15:17:31 [notice] 1#1: worker process 34 exited with code 0
2021/12/24 15:17:31 [notice] 1#1: worker process 35 exited with code 0
2021/12/24 15:17:31 [notice] 1#1: exit
2021/12/24 15:17:48 [notice] 1#1: using the "epoll" event method
2021/12/24 15:17:48 [notice] 1#1: nginx/1.21.0
2021/12/24 15:17:48 [notice] 1#1: built by gcc 10.2.1 20201203 (Alpine 10.2.1_pre1) 
2021/12/24 15:17:48 [notice] 1#1: OS: Linux 5.10.16.3-microsoft-standard-WSL2
2021/12/24 15:17:48 [notice] 1#1: getrlimit(RLIMIT_NOFILE): 1048576:1048576
2021/12/24 15:17:48 [notice] 1#1: start worker processes
2021/12/24 15:17:48 [notice] 1#1: start worker process 31
2021/12/24 15:17:48 [notice] 1#1: start worker process 32
2021/12/24 15:17:48 [notice] 1#1: start worker process 33
2021/12/24 15:17:48 [notice] 1#1: start worker process 34
2021/12/24 15:20:45 [notice] 1#1: signal 3 (SIGQUIT) received, shutting down
2021/12/24 15:20:45 [notice] 33#33: gracefully shutting down
2021/12/24 15:20:45 [notice] 31#31: gracefully shutting down
2021/12/24 15:20:45 [notice] 34#34: gracefully shutting down
2021/12/24 15:20:45 [notice] 33#33: exiting
2021/12/24 15:20:45 [notice] 31#31: exiting
2021/12/24 15:20:45 [notice] 34#34: exiting
2021/12/24 15:20:45 [notice] 31#31: exit
2021/12/24 15:20:45 [notice] 34#34: exit
2021/12/24 15:20:45 [notice] 33#33: exit
2021/12/24 15:20:45 [notice] 32#32: gracefully shutting down
2021/12/24 15:20:45 [notice] 32#32: exiting
2021/12/24 15:20:45 [notice] 32#32: exit
2021/12/24 15:20:45 [notice] 1#1: signal 17 (SIGCHLD) received from 34
2021/12/24 15:20:45 [notice] 1#1: worker process 34 exited with code 0
2021/12/24 15:20:45 [notice] 1#1: signal 29 (SIGIO) received
2021/12/24 15:20:45 [notice] 1#1: signal 17 (SIGCHLD) received from 32
2021/12/24 15:20:45 [notice] 1#1: worker process 31 exited with code 0
2021/12/24 15:20:45 [notice] 1#1: worker process 32 exited with code 0
2021/12/24 15:20:45 [notice] 1#1: signal 29 (SIGIO) received
2021/12/24 15:20:45 [notice] 1#1: signal 17 (SIGCHLD) received from 33
2021/12/24 15:20:45 [notice] 1#1: worker process 33 exited with code 0
2021/12/24 15:20:45 [notice] 1#1: exit
2021/12/24 16:33:39 [notice] 1#1: using the "epoll" event method
2021/12/24 16:33:39 [notice] 1#1: nginx/1.21.0
2021/12/24 16:33:39 [notice] 1#1: built by gcc 10.2.1 20201203 (Alpine 10.2.1_pre1) 
2021/12/24 16:33:39 [notice] 1#1: OS: Linux 5.10.16.3-microsoft-standard-WSL2
2021/12/24 16:33:39 [notice] 1#1: getrlimit(RLIMIT_NOFILE): 1048576:1048576
2021/12/24 16:33:39 [notice] 1#1: start worker processes
2021/12/24 16:33:39 [notice] 1#1: start worker process 32
2021/12/24 16:33:39 [notice] 1#1: start worker process 33
2021/12/24 16:33:39 [notice] 1#1: start worker process 34
2021/12/24 16:33:39 [notice] 1#1: start worker process 35
2021/12/24 20:24:55 [notice] 1#1: signal 3 (SIGQUIT) received, shutting down
2021/12/24 20:24:55 [notice] 32#32: gracefully shutting down
2021/12/24 20:24:55 [notice] 34#34: gracefully shutting down
2021/12/24 20:24:55 [notice] 32#32: exiting
2021/12/24 20:24:55 [notice] 34#34: exiting
2021/12/24 20:24:55 [notice] 32#32: exit
2021/12/24 20:24:55 [notice] 34#34: exit
2021/12/24 20:24:55 [notice] 35#35: gracefully shutting down
2021/12/24 20:24:55 [notice] 35#35: exiting
2021/12/24 20:24:55 [notice] 33#33: gracefully shutting down
2021/12/24 20:24:55 [notice] 33#33: exiting
2021/12/24 20:24:55 [notice] 35#35: exit
2021/12/24 20:24:55 [notice] 33#33: exit
2021/12/24 20:24:56 [notice] 1#1: signal 17 (SIGCHLD) received from 34
2021/12/24 20:24:56 [notice] 1#1: worker process 32 exited with code 0
2021/12/24 20:24:56 [notice] 1#1: worker process 33 exited with code 0
2021/12/24 20:24:56 [notice] 1#1: worker process 34 exited with code 0
2021/12/24 20:24:56 [notice] 1#1: signal 29 (SIGIO) received
2021/12/24 20:24:56 [notice] 1#1: signal 17 (SIGCHLD) received from 35
2021/12/24 20:24:56 [notice] 1#1: worker process 35 exited with code 0
2021/12/24 20:24:56 [notice] 1#1: exit
2021/12/25 00:25:43 [notice] 1#1: using the "epoll" event method
2021/12/25 00:25:43 [notice] 1#1: nginx/1.21.0
2021/12/25 00:25:43 [notice] 1#1: built by gcc 10.2.1 20201203 (Alpine 10.2.1_pre1) 
2021/12/25 00:25:43 [notice] 1#1: OS: Linux 5.10.16.3-microsoft-standard-WSL2
2021/12/25 00:25:43 [notice] 1#1: getrlimit(RLIMIT_NOFILE): 1048576:1048576
2021/12/25 00:25:43 [notice] 1#1: start worker processes
2021/12/25 00:25:43 [notice] 1#1: start worker process 32
2021/12/25 00:25:43 [notice] 1#1: start worker process 33
2021/12/25 00:25:43 [notice] 1#1: start worker process 34
2021/12/25 00:25:43 [notice] 1#1: start worker process 35
2021/12/25 00:25:49 [notice] 1#1: signal 3 (SIGQUIT) received, shutting down
2021/12/25 00:25:49 [notice] 35#35: gracefully shutting down
2021/12/25 00:25:49 [notice] 32#32: gracefully shutting down
2021/12/25 00:25:49 [notice] 35#35: exiting
2021/12/25 00:25:49 [notice] 32#32: exiting
2021/12/25 00:25:49 [notice] 35#35: exit
2021/12/25 00:25:49 [notice] 32#32: exit
2021/12/25 00:25:49 [notice] 33#33: gracefully shutting down
2021/12/25 00:25:49 [notice] 33#33: exiting
2021/12/25 00:25:49 [notice] 33#33: exit
2021/12/25 00:25:49 [notice] 34#34: gracefully shutting down
2021/12/25 00:25:49 [notice] 34#34: exiting
2021/12/25 00:25:49 [notice] 34#34: exit
2021/12/25 00:25:49 [notice] 1#1: signal 17 (SIGCHLD) received from 33
2021/12/25 00:25:49 [notice] 1#1: worker process 33 exited with code 0
2021/12/25 00:25:49 [notice] 1#1: signal 29 (SIGIO) received
2021/12/25 00:25:49 [notice] 1#1: signal 17 (SIGCHLD) received from 32
2021/12/25 00:25:49 [notice] 1#1: worker process 32 exited with code 0
2021/12/25 00:25:49 [notice] 1#1: worker process 34 exited with code 0
2021/12/25 00:25:49 [notice] 1#1: worker process 35 exited with code 0
2021/12/25 00:25:49 [notice] 1#1: exit
2021/12/25 00:26:04 [notice] 1#1: using the "epoll" event method
2021/12/25 00:26:04 [notice] 1#1: nginx/1.21.0
2021/12/25 00:26:04 [notice] 1#1: built by gcc 10.2.1 20201203 (Alpine 10.2.1_pre1) 
2021/12/25 00:26:04 [notice] 1#1: OS: Linux 5.10.16.3-microsoft-standard-WSL2
2021/12/25 00:26:04 [notice] 1#1: getrlimit(RLIMIT_NOFILE): 1048576:1048576
2021/12/25 00:26:04 [notice] 1#1: start worker processes
2021/12/25 00:26:04 [notice] 1#1: start worker process 31
2021/12/25 00:26:04 [notice] 1#1: start worker process 32
2021/12/25 00:26:04 [notice] 1#1: start worker process 33
2021/12/25 00:26:04 [notice] 1#1: start worker process 34
2021/12/25 00:26:16 [notice] 1#1: signal 3 (SIGQUIT) received, shutting down
2021/12/25 00:26:16 [notice] 33#33: gracefully shutting down
2021/12/25 00:26:16 [notice] 33#33: exiting
2021/12/25 00:26:16 [notice] 31#31: gracefully shutting down
2021/12/25 00:26:16 [notice] 34#34: gracefully shutting down
2021/12/25 00:26:16 [notice] 34#34: exiting
2021/12/25 00:26:16 [notice] 31#31: exiting
2021/12/25 00:26:16 [notice] 33#33: exit
2021/12/25 00:26:16 [notice] 34#34: exit
2021/12/25 00:26:16 [notice] 32#32: gracefully shutting down
2021/12/25 00:26:16 [notice] 32#32: exiting
2021/12/25 00:26:16 [notice] 31#31: exit
2021/12/25 00:26:16 [notice] 32#32: exit
2021/12/25 00:26:16 [notice] 1#1: signal 17 (SIGCHLD) received from 33
2021/12/25 00:26:16 [notice] 1#1: worker process 33 exited with code 0
2021/12/25 00:26:16 [notice] 1#1: signal 29 (SIGIO) received
2021/12/25 00:26:16 [notice] 1#1: signal 17 (SIGCHLD) received from 34
2021/12/25 00:26:16 [notice] 1#1: worker process 34 exited with code 0
2021/12/25 00:26:16 [notice] 1#1: signal 29 (SIGIO) received
2021/12/25 00:26:16 [notice] 1#1: signal 17 (SIGCHLD) received from 32
2021/12/25 00:26:16 [notice] 1#1: worker process 32 exited with code 0
2021/12/25 00:26:16 [notice] 1#1: signal 29 (SIGIO) received
2021/12/25 00:26:16 [notice] 1#1: signal 17 (SIGCHLD) received from 31
2021/12/25 00:26:16 [notice] 1#1: worker process 31 exited with code 0
2021/12/25 00:26:16 [notice] 1#1: exit
2021/12/27 20:33:24 [notice] 1#1: using the "epoll" event method
2021/12/27 20:33:24 [notice] 1#1: nginx/1.21.0
2021/12/27 20:33:24 [notice] 1#1: built by gcc 10.2.1 20201203 (Alpine 10.2.1_pre1) 
2021/12/27 20:33:24 [notice] 1#1: OS: Linux 5.10.60.1-microsoft-standard-WSL2
2021/12/27 20:33:24 [notice] 1#1: getrlimit(RLIMIT_NOFILE): 1048576:1048576
2021/12/27 20:33:24 [notice] 1#1: start worker processes
2021/12/27 20:33:24 [notice] 1#1: start worker process 32
2021/12/27 20:33:24 [notice] 1#1: start worker process 33
2021/12/27 20:33:24 [notice] 1#1: start worker process 34
2021/12/27 20:33:24 [notice] 1#1: start worker process 35
2021/12/28 21:34:05 [error] 33#33: *158 directory index of "/var/www/src/public/uploads/" is forbidden, client: 172.18.0.1, server: example.palmo, request: "GET /uploads/ HTTP/1.1", host: "example.palmo", referrer: "http://example.palmo/forms.php"
2021/12/28 21:34:30 [error] 33#33: *158 directory index of "/var/www/src/public/uploads/" is forbidden, client: 172.18.0.1, server: example.palmo, request: "GET /uploads/ HTTP/1.1", host: "example.palmo", referrer: "http://example.palmo/forms.php"
2021/12/28 21:35:29 [error] 33#33: *158 directory index of "/var/www/src/public/uploads/" is forbidden, client: 172.18.0.1, server: example.palmo, request: "GET /uploads/ HTTP/1.1", host: "example.palmo", referrer: "http://example.palmo/forms.php"
2021/12/28 21:36:03 [error] 33#33: *158 directory index of "/var/www/src/public/uploads/" is forbidden, client: 172.18.0.1, server: example.palmo, request: "GET /uploads/ HTTP/1.1", host: "example.palmo", referrer: "http://example.palmo/forms.php"
2021/12/28 21:36:29 [error] 33#33: *158 directory index of "/var/www/src/public/uploads/" is forbidden, client: 172.18.0.1, server: example.palmo, request: "GET /uploads/ HTTP/1.1", host: "example.palmo", referrer: "http://example.palmo/forms.php"
2021/12/28 21:36:38 [error] 33#33: *158 directory index of "/var/www/src/public/uploads/" is forbidden, client: 172.18.0.1, server: example.palmo, request: "GET /uploads/ HTTP/1.1", host: "example.palmo", referrer: "http://example.palmo/forms.php"
2021/12/28 21:37:02 [error] 33#33: *158 directory index of "/var/www/src/public/uploads/" is forbidden, client: 172.18.0.1, server: example.palmo, request: "GET /uploads/ HTTP/1.1", host: "example.palmo", referrer: "http://example.palmo/forms.php"
2021/12/28 21:50:02 [error] 33#33: *207 directory index of "/var/www/src/public/uploads/" is forbidden, client: 172.18.0.1, server: example.palmo, request: "GET /uploads/ HTTP/1.1", host: "example.palmo", referrer: "http://example.palmo/forms.php"
2021/12/28 21:53:11 [error] 32#32: *223 directory index of "/var/www/src/public/uploads/" is forbidden, client: 172.18.0.1, server: example.palmo, request: "GET /uploads/ HTTP/1.1", host: "example.palmo", referrer: "http://example.palmo/forms.php"
2021/12/28 21:55:21 [error] 33#33: *233 directory index of "/var/www/src/public/uploads/" is forbidden, client: 172.18.0.1, server: example.palmo, request: "GET /uploads/ HTTP/1.1", host: "example.palmo", referrer: "http://example.palmo/forms.php"
2021/12/28 22:06:24 [error] 33#33: *240 directory index of "/var/www/src/public/uploads/" is forbidden, client: 172.18.0.1, server: example.palmo, request: "GET /uploads/ HTTP/1.1", host: "example.palmo", referrer: "http://example.palmo/forms.php"
2021/12/28 22:06:25 [error] 33#33: *240 directory index of "/var/www/src/public/uploads/" is forbidden, client: 172.18.0.1, server: example.palmo, request: "GET /uploads/ HTTP/1.1", host: "example.palmo", referrer: "http://example.palmo/forms.php"
2021/12/28 22:06:26 [error] 33#33: *240 directory index of "/var/www/src/public/uploads/" is forbidden, client: 172.18.0.1, server: example.palmo, request: "GET /uploads/ HTTP/1.1", host: "example.palmo", referrer: "http://example.palmo/forms.php"
2021/12/28 22:06:26 [error] 33#33: *240 directory index of "/var/www/src/public/uploads/" is forbidden, client: 172.18.0.1, server: example.palmo, request: "GET /uploads/ HTTP/1.1", host: "example.palmo", referrer: "http://example.palmo/forms.php"
2021/12/28 22:06:27 [error] 33#33: *240 directory index of "/var/www/src/public/uploads/" is forbidden, client: 172.18.0.1, server: example.palmo, request: "GET /uploads/ HTTP/1.1", host: "example.palmo", referrer: "http://example.palmo/forms.php"
2021/12/28 22:06:27 [error] 33#33: *240 directory index of "/var/www/src/public/uploads/" is forbidden, client: 172.18.0.1, server: example.palmo, request: "GET /uploads/ HTTP/1.1", host: "example.palmo", referrer: "http://example.palmo/forms.php"
2021/12/28 22:07:05 [error] 33#33: *240 directory index of "/var/www/src/public/uploads/" is forbidden, client: 172.18.0.1, server: example.palmo, request: "GET /uploads/ HTTP/1.1", host: "example.palmo", referrer: "http://example.palmo/forms.php"
2021/12/28 22:07:17 [error] 33#33: *240 directory index of "/var/www/src/public/uploads/" is forbidden, client: 172.18.0.1, server: example.palmo, request: "GET /uploads/ HTTP/1.1", host: "example.palmo", referrer: "http://example.palmo/forms.php"
2021/12/28 22:07:18 [error] 33#33: *240 directory index of "/var/www/src/public/uploads/" is forbidden, client: 172.18.0.1, server: example.palmo, request: "GET /uploads/ HTTP/1.1", host: "example.palmo", referrer: "http://example.palmo/forms.php"
2021/12/28 22:07:19 [error] 33#33: *240 directory index of "/var/www/src/public/uploads/" is forbidden, client: 172.18.0.1, server: example.palmo, request: "GET /uploads/ HTTP/1.1", host: "example.palmo", referrer: "http://example.palmo/forms.php"
2021/12/28 22:11:00 [error] 33#33: *261 directory index of "/var/www/src/public/uploads/" is forbidden, client: 172.18.0.1, server: example.palmo, request: "GET /uploads/ HTTP/1.1", host: "example.palmo", referrer: "http://example.palmo/forms.php"
2021/12/28 22:11:08 [error] 33#33: *261 directory index of "/var/www/src/public/uploads/" is forbidden, client: 172.18.0.1, server: example.palmo, request: "GET /uploads/ HTTP/1.1", host: "example.palmo", referrer: "http://example.palmo/forms.php"
2021/12/28 22:11:26 [error] 33#33: *261 directory index of "/var/www/src/public/uploads/" is forbidden, client: 172.18.0.1, server: example.palmo, request: "GET /uploads/ HTTP/1.1", host: "example.palmo", referrer: "http://example.palmo/forms.php"
2021/12/28 22:11:32 [error] 33#33: *261 directory index of "/var/www/src/public/uploads/" is forbidden, client: 172.18.0.1, server: example.palmo, request: "GET /uploads/ HTTP/1.1", host: "example.palmo", referrer: "http://example.palmo/forms.php"
2021/12/28 22:12:25 [error] 33#33: *261 directory index of "/var/www/src/public/uploads/" is forbidden, client: 172.18.0.1, server: example.palmo, request: "GET /uploads/ HTTP/1.1", host: "example.palmo", referrer: "http://example.palmo/forms.php"
2021/12/28 22:12:51 [error] 33#33: *261 directory index of "/var/www/src/public/uploads/" is forbidden, client: 172.18.0.1, server: example.palmo, request: "GET /uploads/ HTTP/1.1", host: "example.palmo", referrer: "http://example.palmo/forms.php"
2021/12/28 22:13:09 [error] 33#33: *261 directory index of "/var/www/src/public/uploads/" is forbidden, client: 172.18.0.1, server: example.palmo, request: "GET /uploads/ HTTP/1.1", host: "example.palmo", referrer: "http://example.palmo/forms.php"
2021/12/28 23:30:18 [error] 33#33: *373 directory index of "/var/www/src/public/uploads/" is forbidden, client: 172.18.0.1, server: example.palmo, request: "GET /uploads/ HTTP/1.1", host: "example.palmo", referrer: "http://example.palmo/goods.php"
2021/12/28 23:34:57 [error] 33#33: *381 directory index of "/var/www/src/public/uploads/" is forbidden, client: 172.18.0.1, server: example.palmo, request: "GET /uploads/ HTTP/1.1", host: "example.palmo", referrer: "http://example.palmo/goods.php"
2021/12/29 01:57:39 [error] 33#33: *681 directory index of "/var/www/src/public/uploads/" is forbidden, client: 172.18.0.1, server: example.palmo, request: "GET /uploads/ HTTP/1.1", host: "example.palmo", referrer: "http://example.palmo/goods.php"
2021/12/29 03:12:08 [notice] 1#1: signal 3 (SIGQUIT) received, shutting down
2021/12/29 03:12:08 [notice] 32#32: gracefully shutting down
2021/12/29 03:12:08 [notice] 32#32: exiting
2021/12/29 03:12:08 [notice] 34#34: gracefully shutting down
2021/12/29 03:12:08 [notice] 35#35: gracefully shutting down
2021/12/29 03:12:08 [notice] 34#34: exiting
2021/12/29 03:12:08 [notice] 35#35: exiting
2021/12/29 03:12:08 [notice] 34#34: exit
2021/12/29 03:12:08 [notice] 35#35: exit
2021/12/29 03:12:08 [notice] 32#32: exit
2021/12/29 03:12:08 [notice] 33#33: gracefully shutting down
2021/12/29 03:12:08 [notice] 33#33: exiting
2021/12/29 03:12:08 [notice] 33#33: exit
2021/12/29 03:12:09 [notice] 1#1: signal 17 (SIGCHLD) received from 35
2021/12/29 03:12:09 [notice] 1#1: worker process 35 exited with code 0
2021/12/29 03:12:09 [notice] 1#1: signal 29 (SIGIO) received
2021/12/29 03:12:09 [notice] 1#1: signal 17 (SIGCHLD) received from 34
2021/12/29 03:12:09 [notice] 1#1: worker process 34 exited with code 0
2021/12/29 03:12:09 [notice] 1#1: signal 29 (SIGIO) received
2021/12/29 03:12:09 [notice] 1#1: signal 17 (SIGCHLD) received from 33
2021/12/29 03:12:09 [notice] 1#1: worker process 33 exited with code 0
2021/12/29 03:12:09 [notice] 1#1: signal 29 (SIGIO) received
2021/12/29 03:12:09 [notice] 1#1: signal 17 (SIGCHLD) received from 32
2021/12/29 03:12:09 [notice] 1#1: worker process 32 exited with code 0
2021/12/29 03:12:09 [notice] 1#1: exit
2021/12/29 12:00:29 [notice] 1#1: using the "epoll" event method
2021/12/29 12:00:29 [notice] 1#1: nginx/1.21.0
2021/12/29 12:00:29 [notice] 1#1: built by gcc 10.2.1 20201203 (Alpine 10.2.1_pre1) 
2021/12/29 12:00:29 [notice] 1#1: OS: Linux 5.10.60.1-microsoft-standard-WSL2
2021/12/29 12:00:29 [notice] 1#1: getrlimit(RLIMIT_NOFILE): 1048576:1048576
2021/12/29 12:00:29 [notice] 1#1: start worker processes
2021/12/29 12:00:29 [notice] 1#1: start worker process 33
2021/12/29 12:00:29 [notice] 1#1: start worker process 34
2021/12/29 12:00:29 [notice] 1#1: start worker process 35
2021/12/29 12:00:29 [notice] 1#1: start worker process 36
2021/12/29 12:03:09 [error] 33#33: *2 directory index of "/var/www/src/public/uploads/" is forbidden, client: 172.18.0.1, server: example.palmo, request: "GET /uploads/ HTTP/1.1", host: "example.palmo", referrer: "http://example.palmo/goods.php"
2021/12/29 12:04:34 [error] 33#33: *14 directory index of "/var/www/src/public/uploads/" is forbidden, client: 172.18.0.1, server: example.palmo, request: "GET /uploads/ HTTP/1.1", host: "example.palmo", referrer: "http://example.palmo/goods.php"
2021/12/29 12:06:54 [error] 36#36: *19 directory index of "/var/www/src/public/uploads/" is forbidden, client: 172.18.0.1, server: example.palmo, request: "GET /uploads/ HTTP/1.1", host: "example.palmo", referrer: "http://example.palmo/goods.php"
2021/12/29 12:08:20 [error] 33#33: *23 directory index of "/var/www/src/public/uploads/" is forbidden, client: 172.18.0.1, server: example.palmo, request: "GET /uploads/ HTTP/1.1", host: "example.palmo", referrer: "http://example.palmo/goods.php"
2021/12/29 12:08:48 [error] 33#33: *23 directory index of "/var/www/src/public/uploads/" is forbidden, client: 172.18.0.1, server: example.palmo, request: "GET /uploads/ HTTP/1.1", host: "example.palmo", referrer: "http://example.palmo/goods.php"
2021/12/29 12:10:02 [error] 33#33: *29 directory index of "/var/www/src/public/uploads/" is forbidden, client: 172.18.0.1, server: example.palmo, request: "GET /uploads/ HTTP/1.1", host: "example.palmo", referrer: "http://example.palmo/goods.php"
2021/12/29 12:12:20 [error] 33#33: *37 directory index of "/var/www/src/public/uploads/" is forbidden, client: 172.18.0.1, server: example.palmo, request: "GET /uploads/ HTTP/1.1", host: "example.palmo", referrer: "http://example.palmo/goods.php"
2021/12/29 12:13:06 [error] 33#33: *37 directory index of "/var/www/src/public/uploads/" is forbidden, client: 172.18.0.1, server: example.palmo, request: "GET /uploads/ HTTP/1.1", host: "example.palmo", referrer: "http://example.palmo/goods.php"
2021/12/29 12:13:41 [error] 33#33: *37 directory index of "/var/www/src/public/uploads/" is forbidden, client: 172.18.0.1, server: example.palmo, request: "GET /uploads/ HTTP/1.1", host: "example.palmo", referrer: "http://example.palmo/goods.php"
2021/12/29 12:19:03 [error] 36#36: *61 directory index of "/var/www/src/public/uploads/" is forbidden, client: 172.18.0.1, server: example.palmo, request: "GET /uploads/ HTTP/1.1", host: "example.palmo", referrer: "http://example.palmo/goods.php"
2021/12/29 12:42:02 [error] 33#33: *92 directory index of "/var/www/src/public/uploads/" is forbidden, client: 172.18.0.1, server: example.palmo, request: "GET /uploads/ HTTP/1.1", host: "example.palmo", referrer: "http://example.palmo/goods.php"
2021/12/29 13:19:13 [notice] 1#1: using the "epoll" event method
2021/12/29 13:19:13 [notice] 1#1: nginx/1.21.0
2021/12/29 13:19:13 [notice] 1#1: built by gcc 10.2.1 20201203 (Alpine 10.2.1_pre1) 
2021/12/29 13:19:13 [notice] 1#1: OS: Linux 5.10.60.1-microsoft-standard-WSL2
2021/12/29 13:19:13 [notice] 1#1: getrlimit(RLIMIT_NOFILE): 1048576:1048576
2021/12/29 13:19:13 [notice] 1#1: start worker processes
2021/12/29 13:19:13 [notice] 1#1: start worker process 33
2021/12/29 13:19:13 [notice] 1#1: start worker process 34
2021/12/29 13:19:13 [notice] 1#1: start worker process 35
2021/12/29 13:19:13 [notice] 1#1: start worker process 36
2021/12/29 13:24:05 [error] 33#33: *2 directory index of "/var/www/src/public/uploads/" is forbidden, client: 172.19.0.1, server: example.palmo, request: "GET /uploads/ HTTP/1.1", host: "example.palmo", referrer: "http://example.palmo/goods.php"
2021/12/29 13:24:16 [error] 33#33: *2 directory index of "/var/www/src/public/uploads/" is forbidden, client: 172.19.0.1, server: example.palmo, request: "GET /uploads/ HTTP/1.1", host: "example.palmo", referrer: "http://example.palmo/goods.php"
2021/12/29 13:24:19 [error] 33#33: *2 directory index of "/var/www/src/public/uploads/" is forbidden, client: 172.19.0.1, server: example.palmo, request: "GET /uploads/ HTTP/1.1", host: "example.palmo", referrer: "http://example.palmo/goods.php"
2021/12/29 13:26:49 [error] 33#33: *2 directory index of "/var/www/src/public/uploads/" is forbidden, client: 172.19.0.1, server: example.palmo, request: "GET /uploads/ HTTP/1.1", host: "example.palmo", referrer: "http://example.palmo/goods.php"
2021/12/29 13:27:28 [notice] 1#1: signal 3 (SIGQUIT) received, shutting down
2021/12/29 13:27:28 [notice] 34#34: gracefully shutting down
2021/12/29 13:27:28 [notice] 35#35: gracefully shutting down
2021/12/29 13:27:28 [notice] 34#34: exiting
2021/12/29 13:27:28 [notice] 35#35: exiting
2021/12/29 13:27:28 [notice] 35#35: exit
2021/12/29 13:27:28 [notice] 34#34: exit
2021/12/29 13:27:28 [notice] 36#36: gracefully shutting down
2021/12/29 13:27:28 [notice] 36#36: exiting
2021/12/29 13:27:28 [notice] 33#33: gracefully shutting down
2021/12/29 13:27:28 [notice] 36#36: exit
2021/12/29 13:27:28 [notice] 1#1: signal 17 (SIGCHLD) received from 36
2021/12/29 13:27:28 [notice] 1#1: worker process 35 exited with code 0
2021/12/29 13:27:28 [notice] 1#1: worker process 36 exited with code 0
2021/12/29 13:27:28 [notice] 1#1: signal 29 (SIGIO) received
2021/12/29 13:27:28 [notice] 1#1: signal 17 (SIGCHLD) received from 34
2021/12/29 13:27:28 [notice] 1#1: worker process 34 exited with code 0
2021/12/29 13:27:28 [notice] 1#1: signal 29 (SIGIO) received
